<?xml version="1.0" encoding="UTF-8"?>
<testsuite xmlns:xsi="http://www.w3.org/2001/XMLSchema-instance" xsi:noNamespaceSchemaLocation="https://maven.apache.org/surefire/maven-surefire-plugin/xsd/surefire-test-report.xsd" name="ingredientsDAOTest" time="0.005" tests="1" errors="0" skipped="0" failures="1">
  <properties>
[...]
</properties>
  <testcase name="ingredientsDAOTest.testSpecificIngredients" classname="ingredientsDAOTest" time="0.001">
    <failure message="java.lang.ClassNotFoundException: com.mysql.cj.jdbc.Driver" type="java.sql.SQLException">java.sql.SQLException: java.lang.ClassNotFoundException: com.mysql.cj.jdbc.Driver
	at ingredientsDAO.connect_func(ingredientsDAO.java:48)
	at ingredientsDAO.specificIngredients(ingredientsDAO.java:94)
	at ingredientsDAOTest.testSpecificIngredients(ingredientsDAOTest.java:13)
Caused by: java.lang.ClassNotFoundException: com.mysql.cj.jdbc.Driver
	at java.base/jdk.internal.loader.BuiltinClassLoader.loadClass(BuiltinClassLoader.java:641)
	at java.base/jdk.internal.loader.ClassLoaders$AppClassLoader.loadClass(ClassLoaders.java:188)
	at java.base/java.lang.ClassLoader.loadClass(ClassLoader.java:520)
	at java.base/java.lang.Class.forName0(Native Method)
	at java.base/java.lang.Class.forName(Class.java:375)
	at ingredientsDAO.connect_func(ingredientsDAO.java:46)
	... 15 more
</failure>
  </testcase>
</testsuite>