<?xml version="1.0" encoding="UTF-8"?>
<testsuite xmlns:xsi="http://www.w3.org/2001/XMLSchema-instance" xsi:noNamespaceSchemaLocation="https://maven.apache.org/surefire/maven-surefire-plugin/xsd/surefire-test-report.xsd" name="quick.ingredientsTest" time="0.026" tests="6" errors="0" skipped="0" failures="0">
  <properties>
[...]
</properties>
  <testcase name="testSetIngredient1" classname="quick.ingredientsTest" time="0.016"/>
  <testcase name="testGetIngredient1" classname="quick.ingredientsTest" time="0"/>
  <testcase name="testGetIngredient2" classname="quick.ingredientsTest" time="0"/>
  <testcase name="testGetIngredient3" classname="quick.ingredientsTest" time="0.001"/>
  <testcase name="testSetRecipeid" classname="quick.ingredientsTest" time="0"/>
  <testcase name="testGetRecipeid" classname="quick.ingredientsTest" time="0.001"/>
</testsuite>